::1 - - [27/Jul/2021:16:12:34 +0000] "GET / HTTP/1.1" 500 250 "-" "Mozilla/5.0 (Windows NT 10.0; Win64; x64) AppleWebKit/537.36 (KHTML, like Gecko) Chrome/92.0.4515.107 Safari/537.36"
::1 - - [27/Jul/2021:16:12:35 +0000] "GET / HTTP/1.1" 500 250 "-" "Mozilla/5.0 (Windows NT 10.0; Win64; x64) AppleWebKit/537.36 (KHTML, like Gecko) Chrome/92.0.4515.107 Safari/537.36"
::1 - - [27/Jul/2021:16:13:15 +0000] "GET / HTTP/1.1" - - "-" "Mozilla/5.0 (Windows NT 10.0; Win64; x64) AppleWebKit/537.36 (KHTML, like Gecko) Chrome/92.0.4515.107 Safari/537.36"
::1 - - [27/Jul/2021:16:13:58 +0000] "GET / HTTP/1.1" 500 227 "-" "Mozilla/5.0 (Windows NT 10.0; Win64; x64) AppleWebKit/537.36 (KHTML, like Gecko) Chrome/92.0.4515.107 Safari/537.36"
::1 - - [27/Jul/2021:16:14:02 +0000] "GET / HTTP/1.1" 200 - "-" "Mozilla/5.0 (Windows NT 10.0; Win64; x64) AppleWebKit/537.36 (KHTML, like Gecko) Chrome/92.0.4515.107 Safari/537.36"
::1 - - [27/Jul/2021:16:14:03 +0000] "GET /css/searchForm.css HTTP/1.1" 200 854 "https://localhost:4000/" "Mozilla/5.0 (Windows NT 10.0; Win64; x64) AppleWebKit/537.36 (KHTML, like Gecko) Chrome/92.0.4515.107 Safari/537.36"
::1 - - [27/Jul/2021:16:14:03 +0000] "GET /css/posts.css HTTP/1.1" 200 - "https://localhost:4000/" "Mozilla/5.0 (Windows NT 10.0; Win64; x64) AppleWebKit/537.36 (KHTML, like Gecko) Chrome/92.0.4515.107 Safari/537.36"
::1 - - [27/Jul/2021:16:14:03 +0000] "GET /css/searchResults.css HTTP/1.1" 200 - "https://localhost:4000/" "Mozilla/5.0 (Windows NT 10.0; Win64; x64) AppleWebKit/537.36 (KHTML, like Gecko) Chrome/92.0.4515.107 Safari/537.36"
::1 - - [27/Jul/2021:16:14:03 +0000] "GET /css/addPost.css HTTP/1.1" 200 - "https://localhost:4000/" "Mozilla/5.0 (Windows NT 10.0; Win64; x64) AppleWebKit/537.36 (KHTML, like Gecko) Chrome/92.0.4515.107 Safari/537.36"
::1 - - [27/Jul/2021:16:14:03 +0000] "GET /css/footer.css HTTP/1.1" 200 419 "https://localhost:4000/" "Mozilla/5.0 (Windows NT 10.0; Win64; x64) AppleWebKit/537.36 (KHTML, like Gecko) Chrome/92.0.4515.107 Safari/537.36"
::1 - - [27/Jul/2021:16:14:03 +0000] "GET /css/trix.css HTTP/1.1" 200 - "https://localhost:4000/" "Mozilla/5.0 (Windows NT 10.0; Win64; x64) AppleWebKit/537.36 (KHTML, like Gecko) Chrome/92.0.4515.107 Safari/537.36"
::1 - - [27/Jul/2021:16:14:04 +0000] "GET /css/layout.css HTTP/1.1" 200 637 "https://localhost:4000/" "Mozilla/5.0 (Windows NT 10.0; Win64; x64) AppleWebKit/537.36 (KHTML, like Gecko) Chrome/92.0.4515.107 Safari/537.36"
::1 - - [27/Jul/2021:16:14:04 +0000] "GET /css/nav.css HTTP/1.1" 200 - "https://localhost:4000/" "Mozilla/5.0 (Windows NT 10.0; Win64; x64) AppleWebKit/537.36 (KHTML, like Gecko) Chrome/92.0.4515.107 Safari/537.36"
::1 - - [27/Jul/2021:16:14:04 +0000] "GET /css/index.css HTTP/1.1" 200 861 "https://localhost:4000/" "Mozilla/5.0 (Windows NT 10.0; Win64; x64) AppleWebKit/537.36 (KHTML, like Gecko) Chrome/92.0.4515.107 Safari/537.36"
::1 - - [27/Jul/2021:16:14:04 +0000] "GET /scripts/trix.js HTTP/1.1" 200 - "https://localhost:4000/" "Mozilla/5.0 (Windows NT 10.0; Win64; x64) AppleWebKit/537.36 (KHTML, like Gecko) Chrome/92.0.4515.107 Safari/537.36"
::1 - - [27/Jul/2021:16:14:04 +0000] "GET /scripts/searchUserFrom.js HTTP/1.1" 200 - "https://localhost:4000/" "Mozilla/5.0 (Windows NT 10.0; Win64; x64) AppleWebKit/537.36 (KHTML, like Gecko) Chrome/92.0.4515.107 Safari/537.36"
::1 - - [27/Jul/2021:16:14:05 +0000] "GET /scripts/addPost.js HTTP/1.1" 200 - "https://localhost:4000/" "Mozilla/5.0 (Windows NT 10.0; Win64; x64) AppleWebKit/537.36 (KHTML, like Gecko) Chrome/92.0.4515.107 Safari/537.36"
::1 - - [27/Jul/2021:16:14:05 +0000] "GET /images/logo2.png HTTP/1.1" 200 23284 "https://localhost:4000/" "Mozilla/5.0 (Windows NT 10.0; Win64; x64) AppleWebKit/537.36 (KHTML, like Gecko) Chrome/92.0.4515.107 Safari/537.36"
::1 - - [27/Jul/2021:16:14:05 +0000] "GET /images/Users/1.jpg HTTP/1.1" 200 11141 "https://localhost:4000/" "Mozilla/5.0 (Windows NT 10.0; Win64; x64) AppleWebKit/537.36 (KHTML, like Gecko) Chrome/92.0.4515.107 Safari/537.36"
::1 - - [27/Jul/2021:16:14:05 +0000] "GET /images/Social/facebook.png HTTP/1.1" 200 4976 "https://localhost:4000/" "Mozilla/5.0 (Windows NT 10.0; Win64; x64) AppleWebKit/537.36 (KHTML, like Gecko) Chrome/92.0.4515.107 Safari/537.36"
::1 - - [27/Jul/2021:16:14:06 +0000] "GET /favicon.ico HTTP/1.1" 404 150 "https://localhost:4000/" "Mozilla/5.0 (Windows NT 10.0; Win64; x64) AppleWebKit/537.36 (KHTML, like Gecko) Chrome/92.0.4515.107 Safari/537.36"
